<?xml version="1.0" encoding="UTF-8"?>
<!-- Generated by org.testng.reporters.JUnitReportReporter -->
<testsuite skipped="0" hostname="AMBIN03202" name="com.mystore.testcases.IndexPageTest" tests="2" failures="0" timestamp="2020-10-28T16:19:50 IST" time="29.659" errors="0">
  <testcase name="verifyTitle" time="17.900" classname="com.mystore.testcases.IndexPageTest"/>
  <system-out/>
  <testcase name="verifyLogo" time="11.759" classname="com.mystore.testcases.IndexPageTest"/>
  <system-out/>
</testsuite> <!-- com.mystore.testcases.IndexPageTest -->
