<?xml version="1.0" encoding="UTF-8"?>
<!-- Generated by org.testng.reporters.JUnitReportReporter -->
<testsuite skipped="0" hostname="AMBIN03202" name="com.mystore.testcases.SearchPageResultPageTest" tests="1" failures="0" timestamp="2020-10-28T16:19:50 IST" time="13.025" errors="0">
  <testcase name="productAvailablityTest" time="13.025" classname="com.mystore.testcases.SearchPageResultPageTest"/>
  <system-out/>
</testsuite> <!-- com.mystore.testcases.SearchPageResultPageTest -->
