<?xml version="1.0" encoding="UTF-8"?>
<!-- Generated by org.testng.reporters.JUnitReportReporter -->
<testsuite skipped="0" hostname="AMBIN03202" name="com.mystore.testcases.HomePageTest" tests="2" failures="0" timestamp="2020-10-28T16:19:50 IST" time="36.309" errors="0">
  <testcase name="orderHistoryAndDetailsTest" time="17.796" classname="com.mystore.testcases.HomePageTest"/>
  <system-out/>
  <testcase name="wishListTest" time="18.513" classname="com.mystore.testcases.HomePageTest"/>
  <system-out/>
</testsuite> <!-- com.mystore.testcases.HomePageTest -->
