<?xml version="1.0" encoding="UTF-8"?>
<!-- Generated by org.testng.reporters.JUnitReportReporter -->
<testsuite skipped="0" hostname="AMBIN03202" name="com.mystore.testcases.OrderPageTest" tests="1" failures="0" timestamp="2020-10-28T16:19:50 IST" time="66.210" errors="0">
  <testcase name="verifyTotalPrice" time="66.210" classname="com.mystore.testcases.OrderPageTest"/>
  <system-out/>
</testsuite> <!-- com.mystore.testcases.OrderPageTest -->
