<?xml version="1.0" encoding="UTF-8"?>
<!-- Generated by org.testng.reporters.JUnitReportReporter -->
<testsuite skipped="0" hostname="AMBIN03202" name="com.mystore.testcases.AccountCreationPageTest" tests="1" failures="0" timestamp="2020-10-28T16:19:50 IST" time="19.648" errors="0">
  <testcase name="verifyCreateAccountPageTest" time="19.648" classname="com.mystore.testcases.AccountCreationPageTest"/>
  <system-out/>
</testsuite> <!-- com.mystore.testcases.AccountCreationPageTest -->
