<?xml version="1.0" encoding="UTF-8"?>
<!-- Generated by org.testng.reporters.JUnitReportReporter -->
<testsuite skipped="0" hostname="AMBIN03202" name="com.mystore.testcases.AddToCartPageTest" tests="1" failures="0" timestamp="2020-10-28T16:19:50 IST" time="20.134" errors="0">
  <testcase name="addToCartTest" time="20.134" classname="com.mystore.testcases.AddToCartPageTest"/>
  <system-out/>
</testsuite> <!-- com.mystore.testcases.AddToCartPageTest -->
